-------------------------------------------------------------------------------
Test set: FleetValidatorTest$AdjacencyOrtho
-------------------------------------------------------------------------------
Tests run: 2, Failures: 1, Errors: 0, Skipped: 0, Time elapsed: 0.011 s <<< FAILURE! -- in FleetValidatorTest$AdjacencyOrtho
FleetValidatorTest$AdjacencyOrtho.separatedPassesOrtho -- Time elapsed: 0.006 s <<< FAILURE!
org.opentest4j.AssertionFailedError: 
Violação de adjacência (ORTHO) em A1.
Violação de adjacência (ORTHO) em B1.
Violação de adjacência (ORTHO) em C1.
Violação de adjacência (ORTHO) em D1.
Violação de adjacência (ORTHO) em E1.
Violação de adjacência (ORTHO) em A3.
Violação de adjacência (ORTHO) em B3.
Violação de adjacência (ORTHO) em C3.
Violação de adjacência (ORTHO) em D3.
Violação de adjacência (ORTHO) em A5.
Violação de adjacência (ORTHO) em B5.
Violação de adjacência (ORTHO) em C5.
Violação de adjacência (ORTHO) em A7.
Violação de adjacência (ORTHO) em B7.
Violação de adjacência (ORTHO) em C7.
Violação de adjacência (ORTHO) em A9.
Violação de adjacência (ORTHO) em B9. ==> expected: <true> but was: <false>
	at org.junit.jupiter.api.AssertionFailureBuilder.build(AssertionFailureBuilder.java:151)
	at org.junit.jupiter.api.AssertionFailureBuilder.buildAndThrow(AssertionFailureBuilder.java:132)
	at org.junit.jupiter.api.AssertTrue.failNotTrue(AssertTrue.java:63)
	at org.junit.jupiter.api.AssertTrue.assertTrue(AssertTrue.java:36)
	at org.junit.jupiter.api.Assertions.assertTrue(Assertions.java:214)
	at FleetValidatorTest$AdjacencyOrtho.separatedPassesOrtho(FleetValidatorTest.java:117)
	at java.base/java.lang.reflect.Method.invoke(Method.java:580)
	at java.base/java.util.ArrayList.forEach(ArrayList.java:1597)
	at java.base/java.util.ArrayList.forEach(ArrayList.java:1597)
	at java.base/java.util.ArrayList.forEach(ArrayList.java:1597)

