<?xml version="1.0" encoding="UTF-8"?>
<testsuite xmlns:xsi="http://www.w3.org/2001/XMLSchema-instance" xsi:noNamespaceSchemaLocation="https://maven.apache.org/surefire/maven-surefire-plugin/xsd/surefire-test-report-3.0.xsd" version="3.0" name="FleetValidatorTest$AdjacencyOrthoDiag" time="0.033" tests="2" errors="0" skipped="0" failures="1">
  <properties>
[...]
</properties>
  <testcase name="separatedPassesOrthoDiag" classname="FleetValidatorTest$AdjacencyOrthoDiag" time="0.021">
    <failure message="Violação de adjacência (ORTHO_DIAG) em A1.&#10;Violação de adjacência (ORTHO_DIAG) em B1.&#10;Violação de adjacência (ORTHO_DIAG) em C1.&#10;Violação de adjacência (ORTHO_DIAG) em D1.&#10;Violação de adjacência (ORTHO_DIAG) em E1.&#10;Violação de adjacência (ORTHO_DIAG) em A3.&#10;Violação de adjacência (ORTHO_DIAG) em B3.&#10;Violação de adjacência (ORTHO_DIAG) em C3.&#10;Violação de adjacência (ORTHO_DIAG) em D3.&#10;Violação de adjacência (ORTHO_DIAG) em A5.&#10;Violação de adjacência (ORTHO_DIAG) em B5.&#10;Violação de adjacência (ORTHO_DIAG) em C5.&#10;Violação de adjacência (ORTHO_DIAG) em A7.&#10;Violação de adjacência (ORTHO_DIAG) em B7.&#10;Violação de adjacência (ORTHO_DIAG) em C7.&#10;Violação de adjacência (ORTHO_DIAG) em A9.&#10;Violação de adjacência (ORTHO_DIAG) em B9. ==&gt; expected: &lt;true&gt; but was: &lt;false&gt;" type="org.opentest4j.AssertionFailedError"><![CDATA[org.opentest4j.AssertionFailedError: 
Violação de adjacência (ORTHO_DIAG) em A1.
Violação de adjacência (ORTHO_DIAG) em B1.
Violação de adjacência (ORTHO_DIAG) em C1.
Violação de adjacência (ORTHO_DIAG) em D1.
Violação de adjacência (ORTHO_DIAG) em E1.
Violação de adjacência (ORTHO_DIAG) em A3.
Violação de adjacência (ORTHO_DIAG) em B3.
Violação de adjacência (ORTHO_DIAG) em C3.
Violação de adjacência (ORTHO_DIAG) em D3.
Violação de adjacência (ORTHO_DIAG) em A5.
Violação de adjacência (ORTHO_DIAG) em B5.
Violação de adjacência (ORTHO_DIAG) em C5.
Violação de adjacência (ORTHO_DIAG) em A7.
Violação de adjacência (ORTHO_DIAG) em B7.
Violação de adjacência (ORTHO_DIAG) em C7.
Violação de adjacência (ORTHO_DIAG) em A9.
Violação de adjacência (ORTHO_DIAG) em B9. ==> expected: <true> but was: <false>
	at org.junit.jupiter.api.AssertionFailureBuilder.build(AssertionFailureBuilder.java:151)
	at org.junit.jupiter.api.AssertionFailureBuilder.buildAndThrow(AssertionFailureBuilder.java:132)
	at org.junit.jupiter.api.AssertTrue.failNotTrue(AssertTrue.java:63)
	at org.junit.jupiter.api.AssertTrue.assertTrue(AssertTrue.java:36)
	at org.junit.jupiter.api.Assertions.assertTrue(Assertions.java:214)
	at FleetValidatorTest$AdjacencyOrthoDiag.separatedPassesOrthoDiag(FleetValidatorTest.java:150)
	at java.base/java.lang.reflect.Method.invoke(Method.java:580)
	at java.base/java.util.ArrayList.forEach(ArrayList.java:1597)
	at java.base/java.util.ArrayList.forEach(ArrayList.java:1597)
	at java.base/java.util.ArrayList.forEach(ArrayList.java:1597)
]]></failure>
  </testcase>
  <testcase name="diagonalFailsOrthoDiag" classname="FleetValidatorTest$AdjacencyOrthoDiag" time="0.002"/>
</testsuite>